<?xml version="1.0" encoding="UTF-8"?>
<!-- Generated by org.testng.reporters.JUnitXMLReporter -->
<testsuite ignored="0" hostname="BeRaT-MacBook-Pro.local" failures="1" tests="2" name="UI Tests" time="29.369" errors="0" timestamp="2024-08-19T03:56:05 TRT">
  <testcase classname="com.example.tests.DocumentTest" name="testDocumentDownload" time="13.451"/>
  <testcase classname="com.example.tests.SearchTest" name="testSearchFunctionality" time="1.963">
    <failure type="java.lang.AssertionError" message="Not all search results contain the keyword &amp;apos;happy&amp;apos; expected [true] but found [false]">
      <![CDATA[java.lang.AssertionError: Not all search results contain the keyword 'happy' expected [true] but found [false]
at com.example.tests.SearchTest.testSearchFunctionality(SearchTest.java:25)
at java.base/java.util.ArrayList.forEach(ArrayList.java:1511)
... Removed 34 stack frames]]>
    </failure>
  </testcase> <!-- testSearchFunctionality -->
</testsuite> <!-- UI Tests -->
