<!DOCTYPE html PUBLIC "-//W3C//DTD XHTML 1.1//EN" "https://www.w3.org/TR/xhtml11/DTD/xhtml11.dtd">
<html xmlns="https://www.w3.org/1999/xhtml">
<head>
<meta http-equiv="content-type" content="text/html; charset=UTF-8"/>
<title>TestNG Report</title>
<style type="text/css">table {margin-bottom:10px;border-collapse:collapse;empty-cells:show}th,td {border:1px solid #009;padding:.25em .5em}th {vertical-align:bottom}td {vertical-align:top}table a {font-weight:bold}.stripe td {background-color: #E6EBF9}.num {text-align:right}.passedodd td {background-color: #3F3}.passedeven td {background-color: #0A0}.skippedodd td {background-color: #DDD}.skippedeven td {background-color: #CCC}.failedodd td,.attn {background-color: #F33}.failedeven td,.stripe .attn {background-color: #D00}.stacktrace {white-space:pre;font-family:monospace}.totop {font-size:85%;text-align:center;border-bottom:2px solid #000}.invisible {display:none}</style>
</head>
<body>
<table>
<tr><th>Test</th><th># Passed</th><th># Skipped</th><th># Retried</th><th># Failed</th><th>Time (ms)</th><th>Included Groups</th><th>Excluded Groups</th></tr>
<tr><th colspan="8">Lely Test Automation Suite</th></tr>
<tr><td><a href="#t0">API Tests</a></td><td class="num">2</td><td class="num">0</td><td class="num">0</td><td class="num attn">1</td><td class="num">5.391</td><td></td><td></td></tr>
<tr class="stripe"><td><a href="#t1">UI Tests</a></td><td class="num">1</td><td class="num">0</td><td class="num">0</td><td class="num attn">1</td><td class="num">29.369</td><td></td><td></td></tr>
<tr><th>Total</th><th class="num">3</th><th class="num">0</th><th class="num">0</th><th class="num attn">2</th><th class="num">34.760</th><th colspan="2"></th></tr>
</table>
<table id='summary'><thead><tr><th>Class</th><th>Method</th><th>Start</th><th>Time (ms)</th></tr></thead><tbody><tr><th colspan="4">Lely Test Automation Suite</th></tr></tbody><tbody id="t0"><tr><th colspan="4">API Tests &#8212; failed</th></tr><tr class="failedeven"><td rowspan="1">com.example.tests.UserAPITest</td><td><a href="#m0">testGetUsers</a></td><td rowspan="1">1724028935471</td><td rowspan="1">428</td></tr><tr><th colspan="4">API Tests &#8212; passed</th></tr><tr class="passedeven"><td rowspan="2">com.example.tests.UserAPITest</td><td><a href="#m1">testCreateUser</a></td><td rowspan="1">1724028930530</td><td rowspan="1">2910</td></tr><tr class="passedeven"><td><a href="#m2">testCreateUserWithDuplicateEmail</a></td><td rowspan="1">1724028933488</td><td rowspan="1">1981</td></tr></tbody>
<tbody id="t1"><tr><th colspan="4">UI Tests &#8212; failed</th></tr><tr class="failedeven"><td rowspan="1">com.example.tests.SearchTest</td><td><a href="#m3">testSearchFunctionality</a></td><td rowspan="1">1724028963195</td><td rowspan="1">1963</td></tr><tr><th colspan="4">UI Tests &#8212; passed</th></tr><tr class="passedeven"><td rowspan="1">com.example.tests.DocumentTest</td><td><a href="#m4">testDocumentDownload</a></td><td rowspan="1">1724028943073</td><td rowspan="1">13451</td></tr></tbody>
</table>
<h2>API Tests</h2><h3 id="m0">com.example.tests.UserAPITest#testGetUsers</h3><table class="result"><tr><th>Exception</th></tr><tr><td><div class="stacktrace">java.lang.AssertionError: ID should be a 4-digit integer, but found: 7350526 with 7 digits. expected [true] but found [false]
	at com.example.api.UserAPI.lambda$validateUserIds$0(UserAPI.java:58)
	at java.base/java.lang.Iterable.forEach(Iterable.java:75)
	at java.base/java.util.Collections$UnmodifiableCollection.forEach(Collections.java:1092)
	at com.example.api.UserAPI.validateUserIds(UserAPI.java:54)
	at com.example.tests.UserAPITest.testGetUsers(UserAPITest.java:21)
	at java.base/java.util.ArrayList.forEach(ArrayList.java:1511)
... Removed 34 stack frames</div></td></tr></table><p class="totop"><a href="#summary">back to summary</a></p>
<h3 id="m1">com.example.tests.UserAPITest#testCreateUser</h3><table class="result"><tr><th class="invisible"/></tr></table><p class="totop"><a href="#summary">back to summary</a></p>
<h3 id="m2">com.example.tests.UserAPITest#testCreateUserWithDuplicateEmail</h3><table class="result"><tr><th class="invisible"/></tr></table><p class="totop"><a href="#summary">back to summary</a></p>
<h2>UI Tests</h2><h3 id="m3">com.example.tests.SearchTest#testSearchFunctionality</h3><table class="result"><tr><th>Exception</th></tr><tr><td><div class="stacktrace">java.lang.AssertionError: Not all search results contain the keyword &apos;happy&apos; expected [true] but found [false]
	at com.example.tests.SearchTest.testSearchFunctionality(SearchTest.java:25)
	at java.base/java.util.ArrayList.forEach(ArrayList.java:1511)
... Removed 34 stack frames</div></td></tr></table><p class="totop"><a href="#summary">back to summary</a></p>
<h3 id="m4">com.example.tests.DocumentTest#testDocumentDownload</h3><table class="result"><tr><th class="invisible"/></tr></table><p class="totop"><a href="#summary">back to summary</a></p>
</body>
</html>
